{"level":"info","message":"server is listening on port 3200","timestamp":"2019-11-06T12:19:31.368Z"}
{"level":"info","message":"fea9af2d-ac0d-441c-9771-5c0d86687ac6 GET /bootstrap.min.css.map 404 4.235 ms","timestamp":"2019-11-06T12:19:34.045Z"}
{"level":"info","message":"418fba62-8cab-4eee-9df6-641945aabc51 GET /api/listitems 304 23.672 ms","timestamp":"2019-11-06T12:19:34.785Z"}
{"level":"info","message":"8119bb98-2d3c-4630-873b-64378f2c5c5d POST /api/registerUser 200 10.333 ms","timestamp":"2019-11-06T12:19:47.266Z"}
{"level":"info","message":"57e223f8-ff0a-4733-8d69-25898438e691 GET /api/listitems 304 1.844 ms","timestamp":"2019-11-06T12:19:47.280Z"}
{"level":"info","message":"c19c2887-87ab-4423-92b5-c81fc6a2e710 POST /api/registerUser 200 1.898 ms","timestamp":"2019-11-06T12:20:06.719Z"}
{"level":"info","message":"89c4fda8-1aa3-497c-ba29-97ece4b04c57 GET /api/listitems 304 1.565 ms","timestamp":"2019-11-06T12:20:06.744Z"}
{"level":"info","message":"08fdebbe-a2aa-41b4-8193-096d2a79a376 POST /api/registerUser 200 2.699 ms","timestamp":"2019-11-06T12:20:16.453Z"}
{"level":"info","message":"79c85475-8e0b-4c65-b4c6-0f45c601a263 GET /api/listitems 304 2.008 ms","timestamp":"2019-11-06T12:20:16.471Z"}
{"level":"info","message":"server is listening on port 3200","timestamp":"2019-11-06T12:21:43.359Z"}
{"level":"info","message":"65c5bbb6-6113-4a98-8596-930242c83a3e GET /bootstrap.min.css.map 404 4.673 ms","timestamp":"2019-11-06T12:21:49.126Z"}
{"level":"info","message":"f2311e18-ae3f-4fc9-bedd-f727e3d75327 GET /api/listitems 304 32.308 ms","timestamp":"2019-11-06T12:21:49.808Z"}
{"level":"info","message":"96c91323-2e70-45bc-9723-b4c73d1cc7e4 POST /api/addItem 200 177.686 ms","timestamp":"2019-11-06T12:22:08.430Z"}
{"level":"info","message":"6866dee8-c1f4-430d-bdf8-d4c89bf9872f GET /api/listitems 200 7.025 ms","timestamp":"2019-11-06T12:22:08.465Z"}
{"level":"info","message":"836f663d-eea0-445a-bfe5-417a6e2f2da2 GET / 404 0.766 ms","timestamp":"2019-11-06T12:23:14.593Z"}
{"level":"info","message":"c2de0635-9eff-409f-86fe-dcc8182ef777 GET / 404 0.470 ms","timestamp":"2019-11-06T12:23:15.759Z"}
{"level":"info","message":"cd4828e6-be88-4591-8716-10cfd5c60569 GET / 404 0.300 ms","timestamp":"2019-11-06T12:23:16.318Z"}
{"level":"info","message":"0456cdaa-35c2-40d4-abdc-4a1c37acfcd4 GET / 404 0.229 ms","timestamp":"2019-11-06T12:23:16.605Z"}
{"level":"info","message":"5c52f6c4-90fe-4ae4-93a2-70374b31cefa GET / 404 0.250 ms","timestamp":"2019-11-06T12:23:16.800Z"}
{"level":"info","message":"09859adc-721f-498c-9668-a89030d5bdec GET / 404 0.427 ms","timestamp":"2019-11-06T12:23:16.991Z"}
{"level":"info","message":"332573c0-f161-4943-b4fc-8d44c49e1a9f GET / 404 0.263 ms","timestamp":"2019-11-06T12:23:17.167Z"}
{"level":"info","message":"528d6ddf-796b-41ee-9b6e-6cd3db68f5c3 GET / 404 0.326 ms","timestamp":"2019-11-06T12:23:17.343Z"}
{"level":"info","message":"bdb5bacb-8302-4f62-9e2d-136e2aa8a185 GET / 404 0.232 ms","timestamp":"2019-11-06T12:23:17.502Z"}
{"level":"info","message":"67d068c0-299e-4fc6-b38b-ea50407e57e9 GET / 404 0.294 ms","timestamp":"2019-11-06T12:23:17.664Z"}
{"level":"info","message":"70219501-ab2f-4920-b4d8-4c0d12f58ff0 GET /bootstrap.min.css.map 404 1.853 ms","timestamp":"2019-11-06T12:23:23.360Z"}
{"level":"info","message":"f0c64d24-275a-42c5-9606-a616922c10a8 GET /api/listitems 304 6.717 ms","timestamp":"2019-11-06T12:23:24.126Z"}
{"level":"info","message":"10a0d97e-75d7-4160-8df6-4803f3f1ae38 POST /api/addItem 200 2.720 ms","timestamp":"2019-11-06T12:23:43.745Z"}
{"level":"info","message":"fbf5204d-88c5-4dc0-8b86-f4a2ccc76070 GET /api/listitems 200 2.134 ms","timestamp":"2019-11-06T12:23:43.773Z"}
{"level":"info","message":"6f41e9e4-d529-44fe-9d75-29de015bb812 GET /bootstrap.min.css.map 404 0.949 ms","timestamp":"2019-11-06T12:26:39.240Z"}
{"level":"info","message":"30c075fc-c7a5-4d11-977c-1403f4fe9ffc GET /api/listitems 304 3.579 ms","timestamp":"2019-11-06T12:26:39.861Z"}
{"level":"info","message":"32240545-724f-4dc1-aed2-41e1805361f4 GET /bootstrap.min.css.map 404 0.671 ms","timestamp":"2019-11-06T12:28:32.966Z"}
{"level":"info","message":"3a005140-ead4-439e-8247-5c8f229a8a71 GET /api/listitems 304 4.170 ms","timestamp":"2019-11-06T12:28:33.602Z"}
{"level":"info","message":"7bceea2b-931c-4e42-8a1a-e3b1a7b061df GET /bootstrap.min.css.map 404 0.787 ms","timestamp":"2019-11-06T12:28:58.896Z"}
{"level":"info","message":"9995cb23-2da9-4cb3-be10-712b5df80144 GET /api/listitems 304 8.417 ms","timestamp":"2019-11-06T12:28:59.512Z"}
{"level":"info","message":"eaedd1e7-c029-4f26-96cc-ac25fdb048d3 GET /bootstrap.min.css.map 404 0.327 ms","timestamp":"2019-11-06T12:29:32.771Z"}
{"level":"info","message":"524a24b5-4650-4185-b711-e0a81b3f2914 GET /api/listitems 304 3.463 ms","timestamp":"2019-11-06T12:29:33.390Z"}
{"level":"info","message":"af04978c-917d-49de-b93d-454481d7d5c1 GET /bootstrap.min.css.map 404 0.824 ms","timestamp":"2019-11-06T12:34:40.207Z"}
{"level":"info","message":"5ec2bdcc-5797-49c1-9dd4-2215c09cab6d GET /api/listitems 304 3.761 ms","timestamp":"2019-11-06T12:34:40.862Z"}
{"level":"info","message":"ca88c98e-9c4e-419a-8b53-adc927f467c7 GET /bootstrap.min.css.map 404 0.320 ms","timestamp":"2019-11-06T12:35:48.536Z"}
{"duration":"1ms","level":"info","message":"Login time","timestamp":"2019-11-06T12:35:58.914Z"}
{"level":"info","message":"99016935-84f0-4bce-be2b-17a5973c0818 POST /api/loginUser 200 6.415 ms","timestamp":"2019-11-06T12:35:58.919Z"}
{"level":"info","message":"1c31ad6a-1c12-455f-9bb6-98a638fe29f4 GET /api/listitems 304 2.455 ms","timestamp":"2019-11-06T12:35:58.977Z"}
{"level":"info","message":"bf245830-f04d-4d32-bdf5-fcb1c5b78413 GET /bootstrap.min.css.map 404 0.303 ms","timestamp":"2019-11-06T12:36:21.349Z"}
{"level":"info","message":"ac3fc634-1bd9-48b2-908f-103507af7fe1 GET / 404 0.434 ms","timestamp":"2019-11-06T12:36:55.248Z"}
{"level":"info","message":"ad7cb35f-7058-4025-8ed0-d0cfa028ae90 GET /bootstrap.min.css.map 404 0.286 ms","timestamp":"2019-11-06T12:37:00.890Z"}
{"level":"info","message":"bb0e5b8a-17c5-448e-a36c-3aaad7687311 GET /api/listitems 304 3.211 ms","timestamp":"2019-11-06T12:37:01.731Z"}
{"duration":"0ms","level":"info","message":"Login time","timestamp":"2019-11-06T12:38:47.540Z"}
{"level":"info","message":"d53c1300-4fcb-4d91-8c4b-3278248b2c55 POST /api/loginUser 200 2.515 ms","timestamp":"2019-11-06T12:38:47.543Z"}
{"level":"info","message":"aaa127a9-c72f-4eb4-8769-5c7ac4ca7c18 GET /api/listitems 304 1.388 ms","timestamp":"2019-11-06T12:38:47.613Z"}
{"level":"info","message":"598e241d-c79b-4c78-8f73-e9fee40c0e30 GET /bootstrap.min.css.map 404 0.421 ms","timestamp":"2019-11-06T12:40:47.353Z"}
{"level":"info","message":"b704fe72-7ee8-495a-ae08-8b61f64d5ed0 GET /api/listitems 304 3.900 ms","timestamp":"2019-11-06T12:40:48.000Z"}
{"level":"info","message":"a6cc10c0-47cb-4072-947e-ccbef354cd81 GET /bootstrap.min.css.map 404 0.308 ms","timestamp":"2019-11-06T12:43:55.460Z"}
{"level":"info","message":"02f28ad5-5324-4df1-842b-4bf386a2123a GET /api/listitems 304 4.172 ms","timestamp":"2019-11-06T12:43:56.110Z"}
{"level":"info","message":"82543949-4165-4fc5-81e8-e46787467461 GET /bootstrap.min.css.map 404 0.298 ms","timestamp":"2019-11-06T12:45:44.187Z"}
{"level":"info","message":"4d45db4a-4a94-40f7-a257-177ce223f5c1 GET /api/listitems 304 4.350 ms","timestamp":"2019-11-06T12:45:44.828Z"}
{"level":"info","message":"74e2b80f-db8c-40be-85a2-2e569f686138 GET /bootstrap.min.css.map 404 0.257 ms","timestamp":"2019-11-06T12:50:04.839Z"}
{"level":"info","message":"cd546956-1ff2-4a00-afea-8e6fa5d08e7d GET /api/listitems 304 5.569 ms","timestamp":"2019-11-06T12:50:05.469Z"}
{"level":"info","message":"6e8e3342-1964-4bca-9148-0706acb013f8 GET /bootstrap.min.css.map 404 0.252 ms","timestamp":"2019-11-06T12:54:23.089Z"}
{"level":"info","message":"e8afb09b-6472-4c97-b697-ceda0887b1bb GET /api/listitems 304 7.912 ms","timestamp":"2019-11-06T12:54:23.801Z"}
{"level":"info","message":"f8f5e26c-16df-46be-8991-56eef5a470ec GET /api/listitems 304 1.485 ms","timestamp":"2019-11-06T12:54:50.641Z"}
{"level":"info","message":"2afdbd5d-db88-4eae-972d-373496187441 GET /bootstrap.min.css.map 404 0.626 ms","timestamp":"2019-11-06T12:54:50.677Z"}
{"level":"info","message":"c40904bc-0c4d-4c66-9919-9a9a7f1381a2 GET /api/listitems 304 2.019 ms","timestamp":"2019-11-06T12:55:27.672Z"}
{"level":"info","message":"38421cc7-0d5e-4b68-9e9f-40c60ef22367 GET /bootstrap.min.css.map 404 0.242 ms","timestamp":"2019-11-06T12:55:27.696Z"}
{"level":"info","message":"5fc59437-5281-4531-8fff-a32d78023258 GET /bootstrap.min.css.map 404 0.337 ms","timestamp":"2019-11-06T12:57:10.147Z"}
{"level":"info","message":"9f4f47ff-fc7c-461f-b4b8-f3e039997e33 GET /api/listitems 304 2.534 ms","timestamp":"2019-11-06T12:57:10.890Z"}
{"level":"info","message":"2d83f962-ca4b-448c-be54-11d6aec69024 GET /bootstrap.min.css.map 404 1.026 ms","timestamp":"2019-11-06T12:59:17.842Z"}
{"level":"info","message":"af5d7215-b95f-4cd7-b88d-2d295cba66e7 GET /api/listitems 304 2.253 ms","timestamp":"2019-11-06T12:59:18.602Z"}
{"level":"info","message":"ca56ca55-76f1-4bfa-ab3a-5d63a0b62923 GET /bootstrap.min.css.map 404 0.763 ms","timestamp":"2019-11-06T13:00:28.569Z"}
{"level":"info","message":"6d3216c8-4d3e-481f-ae41-64a9bd79e045 GET /api/listitems 304 3.351 ms","timestamp":"2019-11-06T13:00:29.319Z"}
{"level":"info","message":"a2275a08-0981-4d81-b818-d4d91529fa03 GET /bootstrap.min.css.map 404 0.664 ms","timestamp":"2019-11-06T13:02:22.990Z"}
{"level":"info","message":"a4c6b771-4666-44b7-9293-d39dff3def87 GET /api/listitems 304 4.416 ms","timestamp":"2019-11-06T13:02:23.613Z"}
{"level":"info","message":"a0944cfd-33af-41f0-84cf-936905684283 GET /bootstrap.min.css.map 404 0.366 ms","timestamp":"2019-11-06T13:03:13.539Z"}
{"level":"info","message":"a0ad2170-e294-467d-a463-7141443a8ec0 GET /api/listitems 304 2.586 ms","timestamp":"2019-11-06T13:03:14.264Z"}
{"level":"info","message":"642597d2-ffce-4b6b-8086-2f0923a43cfb GET /bootstrap.min.css.map 404 0.441 ms","timestamp":"2019-11-06T13:04:07.697Z"}
{"level":"info","message":"61dbc687-3403-4bcf-b63d-2a6bdb82779f GET /api/listitems 304 4.313 ms","timestamp":"2019-11-06T13:04:08.326Z"}
{"level":"info","message":"618ae7e5-ceea-47ab-aa81-6651d6addc3f GET /bootstrap.min.css.map 404 0.526 ms","timestamp":"2019-11-06T13:06:57.971Z"}
{"level":"info","message":"e083fae8-09b3-4192-a247-38b82becb385 GET /api/listitems 304 2.409 ms","timestamp":"2019-11-06T13:06:58.627Z"}
{"level":"info","message":"ae4b365c-9bee-41ec-9836-59da2cad5c7c POST /api/addItem 200 3.543 ms","timestamp":"2019-11-06T13:07:26.695Z"}
{"level":"info","message":"6cd2394e-a53f-4191-adf2-23fbf8958d1a GET /api/listitems 200 2.088 ms","timestamp":"2019-11-06T13:07:26.714Z"}
{"duration":"0ms","level":"info","message":"Login time","timestamp":"2019-11-06T13:26:30.092Z"}
{"level":"info","message":"9e7d415b-18ac-4648-ac35-351421c0d833 POST /api/loginUser 200 3.570 ms","timestamp":"2019-11-06T13:26:30.094Z"}
{"level":"info","message":"77b61f91-5009-4c4c-b478-f4789f15fb1f GET /api/listitems 304 2.296 ms","timestamp":"2019-11-06T13:26:30.133Z"}
{"level":"info","message":"08274713-68b5-4dfe-9e99-e3a4f8915beb GET /api/listitems 304 1.990 ms","timestamp":"2019-11-06T13:27:52.593Z"}
{"level":"info","message":"49c26403-5cd2-41bc-b794-07f704f216b4 POST /api/addItem 200 2.463 ms","timestamp":"2019-11-06T13:28:24.783Z"}
{"level":"info","message":"826b801f-66bd-4efc-8f44-4a1a61df7ac7 GET /api/listitems 200 1.597 ms","timestamp":"2019-11-06T13:28:24.803Z"}
{"level":"info","message":"9a16a8e2-2fe9-4aaa-a41a-6276fdd9e3bd GET /api/listitems 304 2.311 ms","timestamp":"2019-11-06T13:30:40.380Z"}
{"level":"info","message":"e04adbdd-83fe-4a13-9fa3-637d20c68ec1 GET /api/listitems 304 2.276 ms","timestamp":"2019-11-06T13:30:45.058Z"}
{"level":"info","message":"0fc503c3-9178-4ff0-9bda-4dd127797245 GET /bootstrap.min.css.map 404 1.923 ms","timestamp":"2019-11-06T13:32:40.450Z"}
{"level":"info","message":"5b668ae6-f99a-4892-85d4-a18f743f7c30 GET /bootstrap.min.css.map 404 0.249 ms","timestamp":"2019-11-06T13:33:04.254Z"}
{"level":"info","message":"1e53e9ec-33f2-4933-af0c-afad546f050c GET / 404 0.282 ms","timestamp":"2019-11-06T13:33:17.635Z"}
{"level":"info","message":"9ab9514b-a2df-4285-8d98-b389abea7b83 GET / 404 0.272 ms","timestamp":"2019-11-06T13:33:18.443Z"}
{"level":"info","message":"c2fb6c10-9e92-4dfe-81b2-cc3975ef886a GET / 404 0.288 ms","timestamp":"2019-11-06T13:33:18.930Z"}
{"level":"info","message":"c5207295-c450-4c38-9aa3-848773ac4f67 GET / 404 0.258 ms","timestamp":"2019-11-06T13:33:19.265Z"}
{"level":"info","message":"cfc8d3fc-90ac-460a-8900-c1be0449d6a1 GET / 404 0.375 ms","timestamp":"2019-11-06T13:33:19.509Z"}
{"level":"info","message":"878a5929-82a0-4044-998d-e62ba3964351 GET / 404 0.290 ms","timestamp":"2019-11-06T13:33:19.733Z"}
{"level":"info","message":"1134a02d-72a8-4244-b325-3205c4296918 GET /bootstrap.min.css.map 404 0.381 ms","timestamp":"2019-11-06T13:33:24.573Z"}
{"level":"info","message":"ef6fa4f5-d1cd-4230-bf67-58a83aae4321 GET /api/listitems 304 4.128 ms","timestamp":"2019-11-06T13:33:25.190Z"}
{"level":"info","message":"d7b951c6-f7d9-4c4e-a662-b77cf346d622 GET /bootstrap.min.css.map 404 0.729 ms","timestamp":"2019-11-06T13:38:10.424Z"}
{"level":"info","message":"1ab0f25c-252b-4820-92dd-6472f87e2172 GET /bootstrap.min.css.map 404 0.577 ms","timestamp":"2019-11-06T13:38:54.349Z"}
{"level":"info","message":"62adec99-73c2-4400-a034-b084762fbed0 GET /bootstrap.min.css.map 404 2.796 ms","timestamp":"2019-11-06T13:39:49.536Z"}
{"level":"info","message":"f24678b6-9388-425f-ba99-f9d6f871338d GET /api/listitems 304 4.684 ms","timestamp":"2019-11-06T13:39:50.215Z"}
{"level":"info","message":"6a18a066-caf7-43b4-86fc-b01b2478d0db GET /api/listitems 304 2.442 ms","timestamp":"2019-11-06T13:47:02.476Z"}
{"level":"info","message":"aa6a7a67-b0c3-4a5b-bcb4-85989b2d0384 GET /api/listitems 304 1.933 ms","timestamp":"2019-11-06T13:48:20.307Z"}
{"level":"info","message":"25693d4a-d3b8-4880-b625-5bc8b4bb4d1b POST /api/addItem 200 11.332 ms","timestamp":"2019-11-06T13:48:34.488Z"}
{"level":"info","message":"6cf93d7b-c271-4f52-9787-80b1e2187907 GET /api/listitems 200 4.441 ms","timestamp":"2019-11-06T13:48:34.516Z"}
{"level":"info","message":"889f4215-aaed-49f5-af18-51f15be0e166 GET /api/listitems 304 5.257 ms","timestamp":"2019-11-06T13:51:38.460Z"}
{"level":"info","message":"43005f09-7fac-4c1d-8866-9e6247b91b73 GET /bootstrap.min.css.map 404 1.881 ms","timestamp":"2019-11-06T13:51:48.117Z"}
{"level":"info","message":"7c264950-4591-4d70-886a-9478e34405c8 GET /bootstrap.min.css.map 404 0.242 ms","timestamp":"2019-11-06T13:52:54.758Z"}
{"level":"info","message":"640275ed-6b5b-444b-8304-7a1f01ba1c4b GET /api/listitems 200 1.585 ms","timestamp":"2019-11-06T13:52:55.607Z"}
{"level":"info","message":"e589e664-e60e-4861-b5e7-4ae0a2f814cb POST /api/addItem 200 33.344 ms","timestamp":"2019-11-06T13:53:11.241Z"}
{"level":"info","message":"73d010ce-622d-43b0-a429-c6dd1fe07994 GET /api/listitems 200 1.352 ms","timestamp":"2019-11-06T13:53:11.263Z"}
{"level":"info","message":"c0b3a84b-5392-4af3-8650-277191ad62bc GET /bootstrap.min.css.map 404 1.720 ms","timestamp":"2019-11-06T13:54:15.019Z"}
{"level":"info","message":"d6a0a1a1-35bb-4f71-a1d7-69233366f982 GET /api/listitems 304 4.709 ms","timestamp":"2019-11-06T13:54:15.822Z"}
{"level":"info","message":"937b76c3-11b0-41f2-b05f-570b52a6083d POST /api/addItem 200 12.595 ms","timestamp":"2019-11-06T13:54:33.996Z"}
{"level":"info","message":"80915dbb-13ae-4490-8449-7dfda80713bf GET /api/listitems 200 1.509 ms","timestamp":"2019-11-06T13:54:34.068Z"}
{"level":"info","message":"7e87c152-5e01-4b58-b574-e22c1fa11f78 GET /bootstrap.min.css.map 404 0.346 ms","timestamp":"2019-11-06T13:54:54.080Z"}
{"level":"info","message":"48264f43-952f-4b99-bef4-4c8af0e6804f GET /bootstrap.min.css.map 404 0.509 ms","timestamp":"2019-11-06T13:58:58.157Z"}
{"level":"info","message":"6c1272fc-5c86-4ad1-8d35-78c4e021b1bb GET /api/listitems 304 4.151 ms","timestamp":"2019-11-06T13:58:59.094Z"}
{"level":"info","message":"d35d0273-f1f1-46ff-b651-162579a2b354 GET /api/listitems 304 2.825 ms","timestamp":"2019-11-06T14:01:41.387Z"}
{"level":"info","message":"f4b5305f-df0a-4816-b2c2-04d7f63724b4 GET /bootstrap.min.css.map 404 1.046 ms","timestamp":"2019-11-06T14:01:41.566Z"}
{"level":"info","message":"d16145fc-9f79-4b95-954a-8e8ff823b66f GET /bootstrap.min.css.map 404 2.579 ms","timestamp":"2019-11-06T14:05:25.167Z"}
{"level":"info","message":"b111eae6-fd26-4610-82c1-8a61fb9702d9 GET /api/listitems 304 4.131 ms","timestamp":"2019-11-06T14:05:25.812Z"}
{"level":"info","message":"0b9bf263-f3a6-4590-9054-022ef7052a5d GET /api/listitems 304 5.846 ms","timestamp":"2019-11-06T14:10:56.516Z"}
{"level":"info","message":"79f6accc-9ae5-4e9d-b210-177a79bf16b7 GET /bootstrap.min.css.map 404 0.263 ms","timestamp":"2019-11-06T14:10:56.582Z"}
{"level":"info","message":"4e89649d-9b65-438d-b3e7-ea5e419a6304 GET /bootstrap.min.css.map 404 0.571 ms","timestamp":"2019-11-06T14:12:31.845Z"}
{"level":"info","message":"b25082cb-1a38-4362-8333-8c9bb4684258 GET /api/listitems 304 2.394 ms","timestamp":"2019-11-06T14:12:32.476Z"}
{"level":"info","message":"80a010ec-20b7-41f6-8552-4c4f935fad2e GET /bootstrap.min.css.map 404 0.805 ms","timestamp":"2019-11-06T14:15:30.237Z"}
{"level":"info","message":"786d51f7-1342-4379-8f84-78eaca985dba GET /api/listitems 304 3.449 ms","timestamp":"2019-11-06T14:15:31.057Z"}
{"level":"info","message":"e0ae6020-5875-41d2-bf06-aec27af1dfe4 GET /bootstrap.min.css.map 404 0.218 ms","timestamp":"2019-11-06T14:16:43.409Z"}
{"level":"info","message":"55659fbb-69ce-4d85-aa64-63faca91cb83 GET /api/listitems 304 3.915 ms","timestamp":"2019-11-06T14:16:44.258Z"}
{"level":"info","message":"2086ae4c-161a-4317-9cfe-fc83d9bad9d7 GET /bootstrap.min.css.map 404 0.618 ms","timestamp":"2019-11-06T14:19:03.276Z"}
{"level":"info","message":"822a9d53-915a-4a3e-9a21-62f45f6e6e44 GET /api/listitems 304 3.896 ms","timestamp":"2019-11-06T14:19:04.189Z"}
{"level":"info","message":"a4b46411-98d3-4c03-8da5-e836dd89144b GET /bootstrap.min.css.map 404 0.325 ms","timestamp":"2019-11-06T14:20:03.037Z"}
{"level":"info","message":"85bb40b1-3e70-4417-b6e5-f03a7e304395 GET /api/listitems 304 3.994 ms","timestamp":"2019-11-06T14:20:03.942Z"}
{"level":"info","message":"18948f20-e492-4b24-adb8-a24a3130a2fc GET /bootstrap.min.css.map 404 0.267 ms","timestamp":"2019-11-06T14:21:49.453Z"}
{"level":"info","message":"8cecaa13-df98-4e74-b6e5-729824eaaf4c GET /api/listitems 304 6.501 ms","timestamp":"2019-11-06T14:21:50.305Z"}
{"duration":"0ms","level":"info","message":"Login time","timestamp":"2019-11-06T14:22:48.279Z"}
{"level":"info","message":"3163a351-c4e4-4ce6-895d-5901b926e0d3 POST /api/loginUser 200 3.454 ms","timestamp":"2019-11-06T14:22:48.282Z"}
{"level":"info","message":"047db7f4-4c4b-4e6e-99e5-8d5a58363900 GET /api/listitems 304 1.801 ms","timestamp":"2019-11-06T14:22:48.355Z"}
{"level":"info","message":"4db3c557-1517-48d7-bd8f-34bce38b7ff3 GET /api/listitems 304 1.889 ms","timestamp":"2019-11-06T14:22:54.221Z"}
{"level":"info","message":"server is listening on port 3200","timestamp":"2019-11-06T14:23:40.177Z"}
{"level":"info","message":"22386a27-8099-4936-9c92-8fd8b2455ac3 GET /bootstrap.min.css.map 404 2.572 ms","timestamp":"2019-11-06T14:23:45.038Z"}
{"duration":"1ms","level":"info","message":"Login time","timestamp":"2019-11-06T14:23:57.802Z"}
{"level":"info","message":"d7c53e32-8cd5-4da1-83ae-51dec33658e0 POST /api/loginUser 200 17.748 ms","timestamp":"2019-11-06T14:23:57.819Z"}
{"level":"info","message":"eb376c08-9d72-4506-8d9f-fb90404a566f GET /api/listitems 304 27.852 ms","timestamp":"2019-11-06T14:23:57.893Z"}
{"level":"info","message":"39f333fc-968f-43e7-91fd-dca70ee34249 GET /api/listitems 401 11.565 ms","timestamp":"2019-11-06T14:24:04.122Z"}
{"level":"info","message":"a05c22e2-4238-45f0-9feb-c77ff0e3aa78 GET /bootstrap.min.css.map 404 0.414 ms","timestamp":"2019-11-06T14:24:54.950Z"}
{"duration":"0ms","level":"info","message":"Login time","timestamp":"2019-11-06T14:25:03.566Z"}
{"level":"info","message":"02bac835-2bb0-4d08-9898-5f2952e149fd POST /api/loginUser 200 2.639 ms","timestamp":"2019-11-06T14:25:03.569Z"}
{"level":"info","message":"7b20c393-6b4f-4e98-8f4e-433cfdbcd17a GET /api/listitems 304 6.363 ms","timestamp":"2019-11-06T14:25:03.608Z"}
{"level":"info","message":"4e4c9864-18ba-4863-aa65-4d5fedb13449 GET /bootstrap.min.css.map 404 0.907 ms","timestamp":"2019-11-06T14:25:46.721Z"}
{"level":"info","message":"959d288f-eb87-48e8-8419-6cf5493f03b2 GET /bootstrap.min.css.map 404 0.472 ms","timestamp":"2019-11-06T14:25:51.102Z"}
{"duration":"0ms","level":"info","message":"Login time","timestamp":"2019-11-06T14:25:56.147Z"}
{"level":"info","message":"35214e09-3f7f-47e4-a024-eea87d44d916 POST /api/loginUser 200 2.209 ms","timestamp":"2019-11-06T14:25:56.149Z"}
{"level":"info","message":"8e3dd69d-136d-4a8d-9d88-0423d86a31b4 GET /api/listitems 304 19.713 ms","timestamp":"2019-11-06T14:25:56.223Z"}
{"level":"info","message":"553e3490-3bb3-4535-a99a-96cb6a9e7e6a GET /bootstrap.min.css.map 404 0.257 ms","timestamp":"2019-11-06T14:26:03.228Z"}
{"date":"Mon Oct 24 2022 16:18:43 GMT+0530 (India Standard Time)","process":{"pid":31660,"uid":null,"gid":null,"cwd":"C:\\Users\\chand\\OneDrive\\Desktop\\chandra-angular\\14th aug\\example\\modelServer","execPath":"C:\\Users\\chand\\AppData\\Roaming\\nvm\\v16.13.0\\node.exe","version":"v16.13.0","argv":["C:\\Users\\chand\\AppData\\Roaming\\nvm\\v16.13.0\\node.exe","C:\\Users\\chand\\OneDrive\\Desktop\\chandra-angular\\14th aug\\example\\modelServer\\server.js"],"memoryUsage":{"rss":61952000,"heapTotal":33673216,"heapUsed":23307976,"external":23046950,"arrayBuffers":18954153}},"os":{"loadavg":[0,0,0],"uptime":2461836},"trace":[{"column":15,"file":"node:internal/modules/cjs/loader","function":"Module._resolveFilename","line":933,"method":"_resolveFilename","native":false},{"column":27,"file":"node:internal/modules/cjs/loader","function":"Module._load","line":778,"method":"_load","native":false},{"column":19,"file":"node:internal/modules/cjs/loader","function":"Module.require","line":1005,"method":"require","native":false},{"column":18,"file":"node:internal/modules/cjs/helpers","function":"require","line":102,"method":null,"native":false},{"column":16,"file":"C:\\Users\\chand\\OneDrive\\Desktop\\chandra-angular\\14th aug\\example\\modelServer\\shared\\lib\\requestLogger.js","function":null,"line":1,"method":null,"native":false},{"column":14,"file":"node:internal/modules/cjs/loader","function":"Module._compile","line":1101,"method":"_compile","native":false},{"column":10,"file":"node:internal/modules/cjs/loader","function":"Module._extensions..js","line":1153,"method":".js","native":false},{"column":32,"file":"node:internal/modules/cjs/loader","function":"Module.load","line":981,"method":"load","native":false},{"column":12,"file":"node:internal/modules/cjs/loader","function":"Module._load","line":822,"method":"_load","native":false},{"column":19,"file":"node:internal/modules/cjs/loader","function":"Module.require","line":1005,"method":"require","native":false}],"stack":["Error: Cannot find module 'morgan'","Require stack:","- C:\\Users\\chand\\OneDrive\\Desktop\\chandra-angular\\14th aug\\example\\modelServer\\shared\\lib\\requestLogger.js","- C:\\Users\\chand\\OneDrive\\Desktop\\chandra-angular\\14th aug\\example\\modelServer\\server.js","    at Function.Module._resolveFilename (node:internal/modules/cjs/loader:933:15)","    at Function.Module._load (node:internal/modules/cjs/loader:778:27)","    at Module.require (node:internal/modules/cjs/loader:1005:19)","    at require (node:internal/modules/cjs/helpers:102:18)","    at Object.<anonymous> (C:\\Users\\chand\\OneDrive\\Desktop\\chandra-angular\\14th aug\\example\\modelServer\\shared\\lib\\requestLogger.js:1:16)","    at Module._compile (node:internal/modules/cjs/loader:1101:14)","    at Object.Module._extensions..js (node:internal/modules/cjs/loader:1153:10)","    at Module.load (node:internal/modules/cjs/loader:981:32)","    at Function.Module._load (node:internal/modules/cjs/loader:822:12)","    at Module.require (node:internal/modules/cjs/loader:1005:19)"],"level":"error","message":"uncaughtException: Cannot find module 'morgan'\nRequire stack:\n- C:\\Users\\chand\\OneDrive\\Desktop\\chandra-angular\\14th aug\\example\\modelServer\\shared\\lib\\requestLogger.js\n- C:\\Users\\chand\\OneDrive\\Desktop\\chandra-angular\\14th aug\\example\\modelServer\\server.js","timestamp":"2022-10-24T10:48:43.121Z"}
{"date":"Mon Oct 24 2022 16:19:39 GMT+0530 (India Standard Time)","process":{"pid":15084,"uid":null,"gid":null,"cwd":"C:\\Users\\chand\\OneDrive\\Desktop\\chandra-angular\\14th aug\\example\\modelServer","execPath":"C:\\Users\\chand\\AppData\\Roaming\\nvm\\v16.13.0\\node.exe","version":"v16.13.0","argv":["C:\\Users\\chand\\AppData\\Roaming\\nvm\\v16.13.0\\node.exe","C:\\Users\\chand\\OneDrive\\Desktop\\chandra-angular\\14th aug\\example\\modelServer\\server.js"],"memoryUsage":{"rss":61874176,"heapTotal":33935360,"heapUsed":23321832,"external":23046950,"arrayBuffers":18954153}},"os":{"loadavg":[0,0,0],"uptime":2461892},"trace":[{"column":15,"file":"node:internal/modules/cjs/loader","function":"Module._resolveFilename","line":933,"method":"_resolveFilename","native":false},{"column":27,"file":"node:internal/modules/cjs/loader","function":"Module._load","line":778,"method":"_load","native":false},{"column":19,"file":"node:internal/modules/cjs/loader","function":"Module.require","line":1005,"method":"require","native":false},{"column":18,"file":"node:internal/modules/cjs/helpers","function":"require","line":102,"method":null,"native":false},{"column":16,"file":"C:\\Users\\chand\\OneDrive\\Desktop\\chandra-angular\\14th aug\\example\\modelServer\\shared\\lib\\requestLogger.js","function":null,"line":1,"method":null,"native":false},{"column":14,"file":"node:internal/modules/cjs/loader","function":"Module._compile","line":1101,"method":"_compile","native":false},{"column":10,"file":"node:internal/modules/cjs/loader","function":"Module._extensions..js","line":1153,"method":".js","native":false},{"column":32,"file":"node:internal/modules/cjs/loader","function":"Module.load","line":981,"method":"load","native":false},{"column":12,"file":"node:internal/modules/cjs/loader","function":"Module._load","line":822,"method":"_load","native":false},{"column":19,"file":"node:internal/modules/cjs/loader","function":"Module.require","line":1005,"method":"require","native":false}],"stack":["Error: Cannot find module 'morgan'","Require stack:","- C:\\Users\\chand\\OneDrive\\Desktop\\chandra-angular\\14th aug\\example\\modelServer\\shared\\lib\\requestLogger.js","- C:\\Users\\chand\\OneDrive\\Desktop\\chandra-angular\\14th aug\\example\\modelServer\\server.js","    at Function.Module._resolveFilename (node:internal/modules/cjs/loader:933:15)","    at Function.Module._load (node:internal/modules/cjs/loader:778:27)","    at Module.require (node:internal/modules/cjs/loader:1005:19)","    at require (node:internal/modules/cjs/helpers:102:18)","    at Object.<anonymous> (C:\\Users\\chand\\OneDrive\\Desktop\\chandra-angular\\14th aug\\example\\modelServer\\shared\\lib\\requestLogger.js:1:16)","    at Module._compile (node:internal/modules/cjs/loader:1101:14)","    at Object.Module._extensions..js (node:internal/modules/cjs/loader:1153:10)","    at Module.load (node:internal/modules/cjs/loader:981:32)","    at Function.Module._load (node:internal/modules/cjs/loader:822:12)","    at Module.require (node:internal/modules/cjs/loader:1005:19)"],"level":"error","message":"uncaughtException: Cannot find module 'morgan'\nRequire stack:\n- C:\\Users\\chand\\OneDrive\\Desktop\\chandra-angular\\14th aug\\example\\modelServer\\shared\\lib\\requestLogger.js\n- C:\\Users\\chand\\OneDrive\\Desktop\\chandra-angular\\14th aug\\example\\modelServer\\server.js","timestamp":"2022-10-24T10:49:39.187Z"}
{"date":"Mon Oct 24 2022 16:22:08 GMT+0530 (India Standard Time)","process":{"pid":34456,"uid":null,"gid":null,"cwd":"C:\\Users\\chand\\OneDrive\\Desktop\\chandra-angular\\14th aug\\example\\modelServer","execPath":"C:\\Users\\chand\\AppData\\Roaming\\nvm\\v16.13.0\\node.exe","version":"v16.13.0","argv":["C:\\Users\\chand\\AppData\\Roaming\\nvm\\v16.13.0\\node.exe","C:\\Users\\chand\\OneDrive\\Desktop\\chandra-angular\\14th aug\\example\\modelServer\\server.js"],"memoryUsage":{"rss":57384960,"heapTotal":32878592,"heapUsed":18995896,"external":20077917,"arrayBuffers":18587335}},"os":{"loadavg":[0,0,0],"uptime":2462042},"trace":[{"column":15,"file":"node:internal/modules/cjs/loader","function":"Module._resolveFilename","line":933,"method":"_resolveFilename","native":false},{"column":27,"file":"node:internal/modules/cjs/loader","function":"Module._load","line":778,"method":"_load","native":false},{"column":19,"file":"node:internal/modules/cjs/loader","function":"Module.require","line":1005,"method":"require","native":false},{"column":18,"file":"node:internal/modules/cjs/helpers","function":"require","line":102,"method":null,"native":false},{"column":26,"file":"C:\\Users\\chand\\OneDrive\\Desktop\\chandra-angular\\14th aug\\example\\modelServer\\server.js","function":null,"line":10,"method":null,"native":false},{"column":14,"file":"node:internal/modules/cjs/loader","function":"Module._compile","line":1101,"method":"_compile","native":false},{"column":10,"file":"node:internal/modules/cjs/loader","function":"Module._extensions..js","line":1153,"method":".js","native":false},{"column":32,"file":"node:internal/modules/cjs/loader","function":"Module.load","line":981,"method":"load","native":false},{"column":12,"file":"node:internal/modules/cjs/loader","function":"Module._load","line":822,"method":"_load","native":false},{"column":12,"file":"node:internal/modules/run_main","function":"Function.executeUserEntryPoint [as runMain]","line":81,"method":"executeUserEntryPoint [as runMain]","native":false},{"column":47,"file":"node:internal/main/run_main_module","function":null,"line":17,"method":null,"native":false}],"stack":["Error: Cannot find module 'express-request-id'","Require stack:","- C:\\Users\\chand\\OneDrive\\Desktop\\chandra-angular\\14th aug\\example\\modelServer\\server.js","    at Function.Module._resolveFilename (node:internal/modules/cjs/loader:933:15)","    at Function.Module._load (node:internal/modules/cjs/loader:778:27)","    at Module.require (node:internal/modules/cjs/loader:1005:19)","    at require (node:internal/modules/cjs/helpers:102:18)","    at Object.<anonymous> (C:\\Users\\chand\\OneDrive\\Desktop\\chandra-angular\\14th aug\\example\\modelServer\\server.js:10:26)","    at Module._compile (node:internal/modules/cjs/loader:1101:14)","    at Object.Module._extensions..js (node:internal/modules/cjs/loader:1153:10)","    at Module.load (node:internal/modules/cjs/loader:981:32)","    at Function.Module._load (node:internal/modules/cjs/loader:822:12)","    at Function.executeUserEntryPoint [as runMain] (node:internal/modules/run_main:81:12)","    at node:internal/main/run_main_module:17:47"],"level":"error","message":"uncaughtException: Cannot find module 'express-request-id'\nRequire stack:\n- C:\\Users\\chand\\OneDrive\\Desktop\\chandra-angular\\14th aug\\example\\modelServer\\server.js","timestamp":"2022-10-24T10:52:08.782Z"}
{"level":"info","message":"server is listening on port 3200","timestamp":"2022-10-24T10:56:22.908Z"}
{"level":"info","message":"c4952020-4700-41fa-92a6-6bd6b1853dff GET / 404 2.426 ms","timestamp":"2022-10-24T10:57:38.023Z"}
{"duration":"2ms","level":"info","message":"Login time","timestamp":"2022-10-24T10:59:44.345Z"}
{"level":"info","message":"6b65bfb2-1999-4568-847c-77a215664f0c POST /api/loginUser 200 35.908 ms","timestamp":"2022-10-24T10:59:44.380Z"}
{"level":"info","message":"5a1a4d08-84ff-4f5f-8c79-8d3ca1d15d2e GET /api/listitems 304 9.959 ms","timestamp":"2022-10-24T10:59:44.408Z"}
{"level":"info","message":"b7fce9a8-90ae-409a-8150-b94ef6f58e2f POST /api/registerUser 200 22.747 ms","timestamp":"2022-10-24T11:16:35.257Z"}
{"duration":"0ms","level":"info","message":"Login time","timestamp":"2022-10-24T11:31:39.131Z"}
{"level":"info","message":"0d182f1f-7060-4b80-b461-5389a7760f44 POST /api/loginUser 200 2.789 ms","timestamp":"2022-10-24T11:31:39.133Z"}
{"level":"info","message":"35337cc4-7529-455f-9f8c-02915ac36a93 GET /api/listitems 304 3.927 ms","timestamp":"2022-10-24T11:31:39.164Z"}
{"duration":"0ms","level":"info","message":"Login time","timestamp":"2022-10-24T11:32:00.799Z"}
{"level":"info","message":"aa7c5c52-6a47-4e64-a393-c90e22b6dd79 POST /api/loginUser 200 3.629 ms","timestamp":"2022-10-24T11:32:00.803Z"}
{"level":"info","message":"eba5a7af-6c41-4ccc-857d-005a58fbe243 GET /api/listitems 304 2.657 ms","timestamp":"2022-10-24T11:32:00.827Z"}
{"duration":"0ms","level":"info","message":"Login time","timestamp":"2022-10-24T11:32:11.344Z"}
{"level":"info","message":"acce84fe-552e-45d6-92cf-5cb37ae1e2f0 POST /api/loginUser 200 3.336 ms","timestamp":"2022-10-24T11:32:11.347Z"}
{"level":"info","message":"62ff94d9-9e8f-4f54-b0bd-76dc57fc200d GET /api/listitems 304 9.907 ms","timestamp":"2022-10-24T11:32:11.376Z"}
{"level":"info","message":"1289c26b-a041-4cb4-ba64-0259f6a187a7 POST /api/addItem 200 5.167 ms","timestamp":"2022-10-24T11:32:24.904Z"}
{"level":"info","message":"749271d6-00fd-4794-bb43-ec2f6a50a6e8 GET /api/listitems 200 2.509 ms","timestamp":"2022-10-24T11:32:24.914Z"}
{"duration":"1ms","level":"info","message":"Login time","timestamp":"2022-10-24T11:32:35.809Z"}
{"level":"info","message":"c561b56a-39c5-4a8e-ba22-d88db75f8cd3 POST /api/loginUser 200 2.404 ms","timestamp":"2022-10-24T11:32:35.811Z"}
{"level":"info","message":"4a22d7cc-b8fb-4a2f-9cc3-940405aad6f8 GET /api/listitems 304 3.612 ms","timestamp":"2022-10-24T11:32:35.834Z"}
{"level":"info","message":"410db657-a69d-469b-a9a6-39fd9c2fe70a POST /api/addItem 401 1.760 ms","timestamp":"2022-10-24T11:32:57.869Z"}
{"duration":"0ms","level":"info","message":"Login time","timestamp":"2022-10-24T11:43:52.137Z"}
{"level":"info","message":"39c200d9-8731-46bd-877c-ecad0d4f5920 POST /api/loginUser 200 2.350 ms","timestamp":"2022-10-24T11:43:52.139Z"}
{"level":"info","message":"648babef-94b9-4580-a9c6-9b42febe2070 GET /api/listitems 304 4.137 ms","timestamp":"2022-10-24T11:43:52.167Z"}
{"level":"info","message":"5ff74427-a642-4eb3-b812-f66fb15667b7 GET /api/listitems 304 3.999 ms","timestamp":"2022-10-24T11:49:46.666Z"}
{"level":"info","message":"69f38780-66c7-4c35-b360-ba3a21b94246 GET /api/listitems 304 4.861 ms","timestamp":"2022-10-24T11:49:54.515Z"}
